\BOOKMARK [1][-]{section.1}{Introduction}{}% 1
\BOOKMARK [1][-]{section.2}{North Atlantic Albacore}{}% 2
\BOOKMARK [2][-]{subsection.2.1}{Advice Framework}{section.2}% 3
\BOOKMARK [2][-]{subsection.2.2}{Trade offs between Multiple Objectives}{section.2}% 4
\BOOKMARK [2][-]{subsection.2.3}{Enhanced Dialogue}{section.2}% 5
\BOOKMARK [1][-]{section.3}{Swordfish}{}% 6
\BOOKMARK [2][-]{subsection.3.1}{Implementation Error}{section.3}% 7
\BOOKMARK [2][-]{subsection.3.2}{Mediterranean}{section.3}% 8
\BOOKMARK [1][-]{section.4}{Data Poor}{}% 9
\BOOKMARK [2][-]{subsection.4.1}{Comparison with Data Rich}{section.4}% 10
\BOOKMARK [2][-]{subsection.4.2}{Risk Assessment}{section.4}% 11
\BOOKMARK [1][-]{section.5}{Skipjack}{}% 12
\BOOKMARK [1][-]{section.6}{Methods}{}% 13
\BOOKMARK [2][-]{subsection.6.1}{Stock and Recruitment}{section.6}% 14
\BOOKMARK [2][-]{subsection.6.2}{Power Analysis}{section.6}% 15
\BOOKMARK [2][-]{subsection.6.3}{Elasticity Analysis}{section.6}% 16
\BOOKMARK [1][-]{section.7}{Software}{}% 17
\BOOKMARK [1][-]{section.8}{Papers in Preparation}{}% 18
\BOOKMARK [1][-]{section.9}{References}{}% 19
\BOOKMARK [1][-]{section.10}{SCRS Workplans}{}% 20
\BOOKMARK [2][-]{subsection.10.1}{Albacore}{section.10}% 21
\BOOKMARK [2][-]{subsection.10.2}{Swordfish}{section.10}% 22
\BOOKMARK [3][-]{subsubsection.10.2.1}{South Atlantic Swordfish Research Plan}{subsection.10.2}% 23
\BOOKMARK [3][-]{subsubsection.10.2.2}{Mediterranean}{subsection.10.2}% 24
\BOOKMARK [2][-]{subsection.10.3}{Working Group on Stock Assessment Methods}{section.10}% 25
\BOOKMARK [2][-]{subsection.10.4}{Work Plan of the Sub Committee on Statistics}{section.10}% 26
